<?xml version="1.0" encoding="UTF-8"?>
<robot generator="Robot 7.2 (Python 3.12.6 on win32)" generated="2025-02-16T15:56:17.635949" rpa="false" schemaversion="5">
<suite id="s1" name="Grocery" source="D:\groceryproduct_automation\testcases\grocery.robot">
<test id="s1-t1" name="End-to-End Grocery Store API Test" line="12">
<kw name="Create Item Payload" owner="payloads">
<kw name="Create Dictionary" owner="BuiltIn">
<msg time="2025-02-16T15:56:18.394573" level="INFO">${Item_payload} = {'productId': '4643', 'quantity': '10'}</msg>
<var>${Item_payload}</var>
<arg>productId=${PRODUCT_ID}</arg>
<arg>quantity=${QUANTITY}</arg>
<doc>Creates and returns a dictionary based on the given ``items``.</doc>
<status status="PASS" start="2025-02-16T15:56:18.394573" elapsed="0.000000"/>
</kw>
<kw name="Set Global Variable" owner="BuiltIn">
<msg time="2025-02-16T15:56:18.394573" level="INFO">${Item_payload} = {'productId': '4643', 'quantity': '10'}</msg>
<arg>${Item_payload}</arg>
<doc>Makes a variable available globally in all tests and suites.</doc>
<status status="PASS" start="2025-02-16T15:56:18.394573" elapsed="0.000000"/>
</kw>
<kw name="Log" owner="BuiltIn">
<msg time="2025-02-16T15:56:18.395584" level="INFO">Item Payload: {'productId': '4643', 'quantity': '10'}</msg>
<arg>Item Payload: ${Item_payload}</arg>
<doc>Logs the given message with the given level.</doc>
<status status="PASS" start="2025-02-16T15:56:18.394573" elapsed="0.001011"/>
</kw>
<status status="PASS" start="2025-02-16T15:56:18.393590" elapsed="0.001994"/>
</kw>
<kw name="Generate Random Email And Get Token" owner="token">
<kw name="Generate Random String" owner="String">
<msg time="2025-02-16T15:56:18.395584" level="INFO">${RANDOM} = QIcBifML</msg>
<var>${RANDOM}</var>
<arg>8</arg>
<arg>[LETTERS]</arg>
<doc>Generates a string with a desired ``length`` from the given ``chars``.</doc>
<status status="PASS" start="2025-02-16T15:56:18.395584" elapsed="0.000000"/>
</kw>
<kw name="Set Variable" owner="BuiltIn">
<msg time="2025-02-16T15:56:18.395584" level="INFO">${CLIENT_EMAIL} = QIcBifML@yopmail.com</msg>
<var>${CLIENT_EMAIL}</var>
<arg>${RANDOM}@yopmail.com</arg>
<doc>Returns the given values which can then be assigned to a variables.</doc>
<status status="PASS" start="2025-02-16T15:56:18.395584" elapsed="0.000989"/>
</kw>
<kw name="Log" owner="BuiltIn">
<msg time="2025-02-16T15:56:18.396573" level="INFO">Generated Email: QIcBifML@yopmail.com</msg>
<arg>Generated Email: ${CLIENT_EMAIL}</arg>
<doc>Logs the given message with the given level.</doc>
<status status="PASS" start="2025-02-16T15:56:18.396573" elapsed="0.000000"/>
</kw>
<kw name="Create Dictionary" owner="BuiltIn">
<msg time="2025-02-16T15:56:18.396573" level="INFO">${payload} = {'clientName': "Postman on Nitin's computer", 'clientEmail': 'QIcBifML@yopmail.com'}</msg>
<var>${payload}</var>
<arg>clientName=${CLIENT_NAME}</arg>
<arg>clientEmail=${CLIENT_EMAIL}</arg>
<doc>Creates and returns a dictionary based on the given ``items``.</doc>
<status status="PASS" start="2025-02-16T15:56:18.396573" elapsed="0.000000"/>
</kw>
<kw name="POST" owner="RequestsLibrary">
<msg time="2025-02-16T15:56:18.959224" level="INFO">POST Request : url=https://simple-grocery-store-api.glitch.me/api-clients 
 path_url=/api-clients 
 headers={'User-Agent': 'python-requests/2.32.3', 'Accept-Encoding': 'gzip, deflate', 'Accept': '*/*', 'Connection': 'keep-alive', 'Content-Length': '84', 'Content-Type': 'application/json'} 
 body=b'{"clientName": "Postman on Nitin\'s computer", "clientEmail": "QIcBifML@yopmail.com"}' 
 </msg>
<msg time="2025-02-16T15:56:18.959224" level="INFO">POST Response : url=https://simple-grocery-store-api.glitch.me/api-clients 
 status=201, reason=Created 
 headers={'Connection': 'keep-alive', 'Content-Length': '82', 'Content-Type': 'application/json; charset=utf-8', 'x-powered-by': 'Express', 'etag': 'W/"52-WsGaSZePuP6WFM5bEatSDfQt6yQ"', 'Accept-Ranges': 'bytes', 'Date': 'Sun, 16 Feb 2025 10:26:18 GMT', 'Via': '1.1 varnish', 'X-Served-By': 'cache-bom4749-BOM', 'X-Cache': 'MISS', 'X-Cache-Hits': '0', 'X-Timer': 'S1739701578.792768,VS0,VE487'} 
 body={"accessToken":"7db82b97bb77d227591a90c0602611d6f348b8545380da0bf1754ad35c027ed1"} 
 </msg>
<msg time="2025-02-16T15:56:18.959224" level="INFO">${response} = &lt;Response [201]&gt;</msg>
<var>${response}</var>
<arg>${BASE_URL}/api-clients</arg>
<arg>json=${payload}</arg>
<arg>expected_status=201</arg>
<doc>Sends a POST request.</doc>
<status status="PASS" start="2025-02-16T15:56:18.396573" elapsed="0.562651"/>
</kw>
<kw name="Set Variable" owner="BuiltIn">
<msg time="2025-02-16T15:56:18.960234" level="INFO">${ACCESS_TOKEN} = 7db82b97bb77d227591a90c0602611d6f348b8545380da0bf1754ad35c027ed1</msg>
<var>${ACCESS_TOKEN}</var>
<arg>${response.json().get("accessToken")}</arg>
<doc>Returns the given values which can then be assigned to a variables.</doc>
<status status="PASS" start="2025-02-16T15:56:18.959224" elapsed="0.001010"/>
</kw>
<kw name="Should Not Be Empty" owner="BuiltIn">
<msg time="2025-02-16T15:56:18.960234" level="INFO">Length is 64.</msg>
<arg>${ACCESS_TOKEN}</arg>
<arg>Access token retrieval failed!</arg>
<doc>Verifies that the given item is not empty.</doc>
<status status="PASS" start="2025-02-16T15:56:18.960234" elapsed="0.000000"/>
</kw>
<kw name="Set Global Variable" owner="BuiltIn">
<msg time="2025-02-16T15:56:18.960234" level="INFO">${ACCESS_TOKEN} = 7db82b97bb77d227591a90c0602611d6f348b8545380da0bf1754ad35c027ed1</msg>
<arg>${ACCESS_TOKEN}</arg>
<doc>Makes a variable available globally in all tests and suites.</doc>
<status status="PASS" start="2025-02-16T15:56:18.960234" elapsed="0.000000"/>
</kw>
<kw name="Log" owner="BuiltIn">
<msg time="2025-02-16T15:56:18.961231" level="INFO">Access Token: 7db82b97bb77d227591a90c0602611d6f348b8545380da0bf1754ad35c027ed1</msg>
<arg>Access Token: ${ACCESS_TOKEN}</arg>
<doc>Logs the given message with the given level.</doc>
<status status="PASS" start="2025-02-16T15:56:18.961231" elapsed="0.000000"/>
</kw>
<status status="PASS" start="2025-02-16T15:56:18.395584" elapsed="0.565647"/>
</kw>
<kw name="Create New Cart" owner="keywords">
<kw name="POST" owner="RequestsLibrary">
<msg time="2025-02-16T15:56:19.443055" level="INFO">POST Request : url=https://simple-grocery-store-api.glitch.me/carts 
 path_url=/carts 
 headers={'User-Agent': 'python-requests/2.32.3', 'Accept-Encoding': 'gzip, deflate', 'Accept': '*/*', 'Connection': 'keep-alive', 'Content-Length': '0'} 
 body=None 
 </msg>
<msg time="2025-02-16T15:56:19.443055" level="INFO">POST Response : url=https://simple-grocery-store-api.glitch.me/carts 
 status=201, reason=Created 
 headers={'Connection': 'keep-alive', 'Content-Length': '49', 'Content-Type': 'application/json; charset=utf-8', 'x-powered-by': 'Express', 'etag': 'W/"31-FTpI0+FldA2HCu9vV8D1NiFCGPw"', 'Accept-Ranges': 'bytes', 'Date': 'Sun, 16 Feb 2025 10:26:18 GMT', 'Via': '1.1 varnish', 'X-Served-By': 'cache-bom4743-BOM', 'X-Cache': 'MISS', 'X-Cache-Hits': '0', 'X-Timer': 'S1739701578.316028,VS0,VE452'} 
 body={"created":true,"cartId":"ArVokgkfEt1kwWEeKUvPv"} 
 </msg>
<msg time="2025-02-16T15:56:19.444200" level="INFO">${response} = &lt;Response [201]&gt;</msg>
<var>${response}</var>
<arg>${BASE_URL}/carts</arg>
<arg>expected_status=201</arg>
<doc>Sends a POST request.</doc>
<status status="PASS" start="2025-02-16T15:56:18.962248" elapsed="0.481952"/>
</kw>
<kw name="Set Variable" owner="BuiltIn">
<msg time="2025-02-16T15:56:19.444200" level="INFO">${CART_ID} = ArVokgkfEt1kwWEeKUvPv</msg>
<var>${CART_ID}</var>
<arg>${response.json().get("cartId")}</arg>
<doc>Returns the given values which can then be assigned to a variables.</doc>
<status status="PASS" start="2025-02-16T15:56:19.444200" elapsed="0.000000"/>
</kw>
<kw name="Should Not Be Empty" owner="BuiltIn">
<msg time="2025-02-16T15:56:19.444200" level="INFO">Length is 21.</msg>
<arg>${CART_ID}</arg>
<arg>Cart creation failed!</arg>
<doc>Verifies that the given item is not empty.</doc>
<status status="PASS" start="2025-02-16T15:56:19.444200" elapsed="0.000000"/>
</kw>
<kw name="Set Global Variable" owner="BuiltIn">
<msg time="2025-02-16T15:56:19.445217" level="INFO">${CART_ID} = ArVokgkfEt1kwWEeKUvPv</msg>
<arg>${CART_ID}</arg>
<doc>Makes a variable available globally in all tests and suites.</doc>
<status status="PASS" start="2025-02-16T15:56:19.445217" elapsed="0.000000"/>
</kw>
<kw name="Log" owner="BuiltIn">
<msg time="2025-02-16T15:56:19.445217" level="INFO">Cart ID: ArVokgkfEt1kwWEeKUvPv</msg>
<arg>Cart ID: ${CART_ID}</arg>
<doc>Logs the given message with the given level.</doc>
<status status="PASS" start="2025-02-16T15:56:19.445217" elapsed="0.000000"/>
</kw>
<status status="PASS" start="2025-02-16T15:56:18.961231" elapsed="0.483986"/>
</kw>
<kw name="Add Items To Cart" owner="keywords">
<kw name="POST" owner="RequestsLibrary">
<msg time="2025-02-16T15:56:19.859085" level="INFO">POST Request : url=https://simple-grocery-store-api.glitch.me/carts/ArVokgkfEt1kwWEeKUvPv/items 
 path_url=/carts/ArVokgkfEt1kwWEeKUvPv/items 
 headers={'User-Agent': 'python-requests/2.32.3', 'Accept-Encoding': 'gzip, deflate', 'Accept': '*/*', 'Connection': 'keep-alive', 'Content-Length': '39', 'Content-Type': 'application/json'} 
 body=b'{"productId": "4643", "quantity": "10"}' 
 </msg>
<msg time="2025-02-16T15:56:19.859085" level="INFO">POST Response : url=https://simple-grocery-store-api.glitch.me/carts/ArVokgkfEt1kwWEeKUvPv/items 
 status=201, reason=Created 
 headers={'Connection': 'keep-alive', 'Content-Length': '35', 'Content-Type': 'application/json; charset=utf-8', 'x-powered-by': 'Express', 'etag': 'W/"23-pGUmNvuXiFvYKmeo+83HpxwtEJY"', 'Accept-Ranges': 'bytes', 'Date': 'Sun, 16 Feb 2025 10:26:19 GMT', 'Via': '1.1 varnish', 'X-Served-By': 'cache-bom4731-BOM', 'X-Cache': 'MISS', 'X-Cache-Hits': '0', 'X-Timer': 'S1739701579.800701,VS0,VE381'} 
 body={"created":true,"itemId":912369375} 
 </msg>
<msg time="2025-02-16T15:56:19.860144" level="INFO">${response} = &lt;Response [201]&gt;</msg>
<var>${response}</var>
<arg>${BASE_URL}/carts/${CART_ID}/items</arg>
<arg>json=${Item_payload}</arg>
<arg>expected_status=201</arg>
<doc>Sends a POST request.</doc>
<status status="PASS" start="2025-02-16T15:56:19.445217" elapsed="0.414927"/>
</kw>
<kw name="Set Variable" owner="BuiltIn">
<msg time="2025-02-16T15:56:19.860144" level="INFO">${ITEM_ID} = 912369375</msg>
<var>${ITEM_ID}</var>
<arg>${response.json().get("itemId")}</arg>
<doc>Returns the given values which can then be assigned to a variables.</doc>
<status status="PASS" start="2025-02-16T15:56:19.860144" elapsed="0.000000"/>
</kw>
<kw name="Set Global Variable" owner="BuiltIn">
<msg time="2025-02-16T15:56:19.860144" level="INFO">${ITEM_ID} = 912369375</msg>
<arg>${ITEM_ID}</arg>
<doc>Makes a variable available globally in all tests and suites.</doc>
<status status="PASS" start="2025-02-16T15:56:19.860144" elapsed="0.000000"/>
</kw>
<kw name="Log" owner="BuiltIn">
<msg time="2025-02-16T15:56:19.861154" level="INFO">Item ID: 912369375</msg>
<arg>Item ID: ${ITEM_ID}</arg>
<doc>Logs the given message with the given level.</doc>
<status status="PASS" start="2025-02-16T15:56:19.861154" elapsed="0.000000"/>
</kw>
<status status="PASS" start="2025-02-16T15:56:19.445217" elapsed="0.415937"/>
</kw>
<kw name="Create New Order" owner="keywords">
<kw name="Create Dictionary" owner="BuiltIn">
<msg time="2025-02-16T15:56:19.862150" level="INFO">${payload} = {'cartId': 'ArVokgkfEt1kwWEeKUvPv', 'customerName': 'Test', 'comment': 'Sample payload to create new order'}</msg>
<var>${payload}</var>
<arg>cartId=${CART_ID}</arg>
<arg>customerName=${CUSTOMER_NAME}</arg>
<arg>comment=${COMMENT}</arg>
<doc>Creates and returns a dictionary based on the given ``items``.</doc>
<status status="PASS" start="2025-02-16T15:56:19.862150" elapsed="0.000000"/>
</kw>
<kw name="Log" owner="BuiltIn">
<msg time="2025-02-16T15:56:19.862150" level="INFO">payload: {'cartId': 'ArVokgkfEt1kwWEeKUvPv', 'customerName': 'Test', 'comment': 'Sample payload to create new order'}</msg>
<arg>payload: ${payload}</arg>
<doc>Logs the given message with the given level.</doc>
<status status="PASS" start="2025-02-16T15:56:19.862150" elapsed="0.000000"/>
</kw>
<kw name="Create Dictionary" owner="BuiltIn">
<msg time="2025-02-16T15:56:19.862150" level="INFO">${headers} = {'Authorization': 'Bearer 7db82b97bb77d227591a90c0602611d6f348b8545380da0bf1754ad35c027ed1'}</msg>
<var>${headers}</var>
<arg>Authorization=Bearer ${ACCESS_TOKEN}</arg>
<doc>Creates and returns a dictionary based on the given ``items``.</doc>
<status status="PASS" start="2025-02-16T15:56:19.862150" elapsed="0.000000"/>
</kw>
<kw name="POST" owner="RequestsLibrary">
<msg time="2025-02-16T15:56:20.772943" level="INFO">POST Request : url=https://simple-grocery-store-api.glitch.me/orders 
 path_url=/orders 
 headers={'User-Agent': 'python-requests/2.32.3', 'Accept-Encoding': 'gzip, deflate', 'Accept': '*/*', 'Connection': 'keep-alive', 'Authorization': 'Bearer 7db82b97bb77d227591a90c0602611d6f348b8545380da0bf1754ad35c027ed1', 'Content-Length': '108', 'Content-Type': 'application/json'} 
 body=b'{"cartId": "ArVokgkfEt1kwWEeKUvPv", "customerName": "Test", "comment": "Sample payload to create new order"}' 
 </msg>
<msg time="2025-02-16T15:56:20.772943" level="INFO">POST Response : url=https://simple-grocery-store-api.glitch.me/orders 
 status=201, reason=Created 
 headers={'Connection': 'keep-alive', 'Content-Length': '50', 'Content-Type': 'application/json; charset=utf-8', 'x-powered-by': 'Express', 'etag': 'W/"32-dDcp4nOPrMmvUV+2W9yrQgmvQbc"', 'Accept-Ranges': 'bytes', 'Date': 'Sun, 16 Feb 2025 10:26:20 GMT', 'Via': '1.1 varnish', 'X-Served-By': 'cache-bom4750-BOM', 'X-Cache': 'MISS', 'X-Cache-Hits': '0', 'X-Timer': 'S1739701579.273066,VS0,VE803'} 
 body={"created":true,"orderId":"tpIobDNRFW2StcSqJReR1"} 
 </msg>
<msg time="2025-02-16T15:56:20.772943" level="INFO">${response} = &lt;Response [201]&gt;</msg>
<var>${response}</var>
<arg>${BASE_URL}/orders</arg>
<arg>json=${payload}</arg>
<arg>headers=${headers}</arg>
<arg>expected_status=201</arg>
<doc>Sends a POST request.</doc>
<status status="PASS" start="2025-02-16T15:56:19.862150" elapsed="0.910793"/>
</kw>
<kw name="Set Variable" owner="BuiltIn">
<msg time="2025-02-16T15:56:20.772943" level="INFO">${ORDER_ID} = tpIobDNRFW2StcSqJReR1</msg>
<var>${ORDER_ID}</var>
<arg>${response.json().get("orderId")}</arg>
<doc>Returns the given values which can then be assigned to a variables.</doc>
<status status="PASS" start="2025-02-16T15:56:20.772943" elapsed="0.000000"/>
</kw>
<kw name="Should Not Be Empty" owner="BuiltIn">
<msg time="2025-02-16T15:56:20.773945" level="INFO">Length is 21.</msg>
<arg>${ORDER_ID}</arg>
<arg>Order creation failed!</arg>
<doc>Verifies that the given item is not empty.</doc>
<status status="PASS" start="2025-02-16T15:56:20.772943" elapsed="0.001002"/>
</kw>
<kw name="Set Global Variable" owner="BuiltIn">
<msg time="2025-02-16T15:56:20.773945" level="INFO">${ORDER_ID} = tpIobDNRFW2StcSqJReR1</msg>
<arg>${ORDER_ID}</arg>
<doc>Makes a variable available globally in all tests and suites.</doc>
<status status="PASS" start="2025-02-16T15:56:20.773945" elapsed="0.000000"/>
</kw>
<kw name="Log" owner="BuiltIn">
<msg time="2025-02-16T15:56:20.773945" level="INFO">Order ID: tpIobDNRFW2StcSqJReR1</msg>
<arg>Order ID: ${ORDER_ID}</arg>
<doc>Logs the given message with the given level.</doc>
<status status="PASS" start="2025-02-16T15:56:20.773945" elapsed="0.000000"/>
</kw>
<status status="PASS" start="2025-02-16T15:56:19.861154" elapsed="0.912791"/>
</kw>
<kw name="Get All Orders" owner="keywords">
<kw name="Create Dictionary" owner="BuiltIn">
<msg time="2025-02-16T15:56:20.774993" level="INFO">${headers} = {'Authorization': 'Bearer 7db82b97bb77d227591a90c0602611d6f348b8545380da0bf1754ad35c027ed1'}</msg>
<var>${headers}</var>
<arg>Authorization=Bearer ${ACCESS_TOKEN}</arg>
<doc>Creates and returns a dictionary based on the given ``items``.</doc>
<status status="PASS" start="2025-02-16T15:56:20.773945" elapsed="0.001048"/>
</kw>
<kw name="GET" owner="RequestsLibrary">
<msg time="2025-02-16T15:56:21.039965" level="INFO">GET Request : url=https://simple-grocery-store-api.glitch.me/orders 
 path_url=/orders 
 headers={'User-Agent': 'python-requests/2.32.3', 'Accept-Encoding': 'gzip, deflate', 'Accept': '*/*', 'Connection': 'keep-alive', 'Authorization': 'Bearer 7db82b97bb77d227591a90c0602611d6f348b8545380da0bf1754ad35c027ed1'} 
 body=None 
 </msg>
<msg time="2025-02-16T15:56:21.041069" level="INFO">GET Response : url=https://simple-grocery-store-api.glitch.me/orders 
 status=200, reason=OK 
 headers={'Connection': 'keep-alive', 'Content-Length': '196', 'Content-Type': 'application/json; charset=utf-8', 'x-powered-by': 'Express', 'etag': 'W/"c4-elYMUKH2vLtKwd3IN02sw6g6B0M"', 'Accept-Ranges': 'bytes', 'Date': 'Sun, 16 Feb 2025 10:26:20 GMT', 'Via': '1.1 varnish', 'X-Served-By': 'cache-bom4721-BOM', 'X-Cache': 'MISS', 'X-Cache-Hits': '0', 'X-Timer': 'S1739701580.128781,VS0,VE224'} 
 body=[{"id":"tpIobDNRFW2StcSqJReR1","items":[{"id":912369375,"productId":4643,"quantity":10}],"customerName":"Test","created":"2025-02-16T10:26:19.455Z","comment":"Sample payload to create new order"}] 
 </msg>
<msg time="2025-02-16T15:56:21.041069" level="INFO">${response} = &lt;Response [200]&gt;</msg>
<var>${response}</var>
<arg>${BASE_URL}/orders</arg>
<arg>headers=${headers}</arg>
<arg>expected_status=200</arg>
<doc>Sends a GET request.</doc>
<status status="PASS" start="2025-02-16T15:56:20.774993" elapsed="0.266076"/>
</kw>
<kw name="Set Variable" owner="BuiltIn">
<msg time="2025-02-16T15:56:21.042059" level="INFO">${ORDERS} = [{'id': 'tpIobDNRFW2StcSqJReR1', 'items': [{'id': 912369375, 'productId': 4643, 'quantity': 10}], 'customerName': 'Test', 'created': '2025-02-16T10:26:19.455Z', 'comment': 'Sample payload to create ne...</msg>
<var>${ORDERS}</var>
<arg>${response.json()}</arg>
<doc>Returns the given values which can then be assigned to a variables.</doc>
<status status="PASS" start="2025-02-16T15:56:21.042059" elapsed="0.000000"/>
</kw>
<kw name="Should Not Be Empty" owner="BuiltIn">
<msg time="2025-02-16T15:56:21.042967" level="INFO">Length is 1.</msg>
<arg>${ORDERS}</arg>
<arg>No orders found!</arg>
<doc>Verifies that the given item is not empty.</doc>
<status status="PASS" start="2025-02-16T15:56:21.042059" elapsed="0.000908"/>
</kw>
<kw name="Log" owner="BuiltIn">
<msg time="2025-02-16T15:56:21.042967" level="INFO">Orders: [{'id': 'tpIobDNRFW2StcSqJReR1', 'items': [{'id': 912369375, 'productId': 4643, 'quantity': 10}], 'customerName': 'Test', 'created': '2025-02-16T10:26:19.455Z', 'comment': 'Sample payload to create new order'}]</msg>
<arg>Orders: ${ORDERS}</arg>
<doc>Logs the given message with the given level.</doc>
<status status="PASS" start="2025-02-16T15:56:21.042967" elapsed="0.000000"/>
</kw>
<status status="PASS" start="2025-02-16T15:56:20.773945" elapsed="0.269022"/>
</kw>
<kw name="Delete Order" owner="keywords">
<kw name="Create Dictionary" owner="BuiltIn">
<msg time="2025-02-16T15:56:21.044017" level="INFO">${headers} = {'Authorization': 'Bearer 7db82b97bb77d227591a90c0602611d6f348b8545380da0bf1754ad35c027ed1'}</msg>
<var>${headers}</var>
<arg>Authorization=Bearer ${ACCESS_TOKEN}</arg>
<doc>Creates and returns a dictionary based on the given ``items``.</doc>
<status status="PASS" start="2025-02-16T15:56:21.044017" elapsed="0.000000"/>
</kw>
<kw name="DELETE" owner="RequestsLibrary">
<msg time="2025-02-16T15:56:21.569255" level="INFO">DELETE Request : url=https://simple-grocery-store-api.glitch.me/orders/tpIobDNRFW2StcSqJReR1 
 path_url=/orders/tpIobDNRFW2StcSqJReR1 
 headers={'User-Agent': 'python-requests/2.32.3', 'Accept-Encoding': 'gzip, deflate', 'Accept': '*/*', 'Connection': 'keep-alive', 'Authorization': 'Bearer 7db82b97bb77d227591a90c0602611d6f348b8545380da0bf1754ad35c027ed1', 'Content-Length': '0'} 
 body=None 
 </msg>
<msg time="2025-02-16T15:56:21.569255" level="INFO">DELETE Response : url=https://simple-grocery-store-api.glitch.me/orders/tpIobDNRFW2StcSqJReR1 
 status=204, reason=No Content 
 headers={'Connection': 'keep-alive', 'x-powered-by': 'Express', 'Accept-Ranges': 'bytes', 'Date': 'Sun, 16 Feb 2025 10:26:20 GMT', 'Via': '1.1 varnish', 'X-Served-By': 'cache-bom4736-BOM', 'X-Cache': 'MISS', 'X-Cache-Hits': '0', 'X-Timer': 'S1739701580.439879,VS0,VE433'} 
 body=None 
 </msg>
<msg time="2025-02-16T15:56:21.569255" level="INFO">${response} = &lt;Response [204]&gt;</msg>
<var>${response}</var>
<arg>${BASE_URL}/orders/${ORDER_ID}</arg>
<arg>headers=${headers}</arg>
<arg>expected_status=204</arg>
<doc>Sends a DELETE request.</doc>
<status status="PASS" start="2025-02-16T15:56:21.044017" elapsed="0.525238"/>
</kw>
<kw name="Log" owner="BuiltIn">
<msg time="2025-02-16T15:56:21.570198" level="INFO">Order Deleted Successfully</msg>
<arg>Order Deleted Successfully</arg>
<doc>Logs the given message with the given level.</doc>
<status status="PASS" start="2025-02-16T15:56:21.570198" elapsed="0.000000"/>
</kw>
<status status="PASS" start="2025-02-16T15:56:21.044017" elapsed="0.526181"/>
</kw>
<kw name="Check Grocery Store API Status" owner="keywords">
<kw name="GET" owner="RequestsLibrary">
<msg time="2025-02-16T15:56:22.067077" level="INFO">GET Request : url=https://simple-grocery-store-api.glitch.me/status 
 path_url=/status 
 headers={'User-Agent': 'python-requests/2.32.3', 'Accept-Encoding': 'gzip, deflate', 'Accept': '*/*', 'Connection': 'keep-alive'} 
 body=None 
 </msg>
<msg time="2025-02-16T15:56:22.067077" level="INFO">GET Response : url=https://simple-grocery-store-api.glitch.me/status 
 status=200, reason=OK 
 headers={'Connection': 'keep-alive', 'Content-Length': '15', 'Content-Type': 'application/json; charset=utf-8', 'x-powered-by': 'Express', 'etag': 'W/"f-RQ8OySFd+KR+AvtJ7qImjtT0D/0"', 'Accept-Ranges': 'bytes', 'Date': 'Sun, 16 Feb 2025 10:26:21 GMT', 'Via': '1.1 varnish', 'X-Served-By': 'cache-bom4721-BOM', 'X-Cache': 'MISS', 'X-Cache-Hits': '0', 'X-Timer': 'S1739701581.973125,VS0,VE403'} 
 body={"status":"UP"} 
 </msg>
<msg time="2025-02-16T15:56:22.068077" level="INFO">${response} = &lt;Response [200]&gt;</msg>
<var>${response}</var>
<arg>${STATUS_API}</arg>
<arg>expected_status=200</arg>
<doc>Sends a GET request.</doc>
<status status="PASS" start="2025-02-16T15:56:21.571099" elapsed="0.496978"/>
</kw>
<kw name="Log" owner="BuiltIn">
<msg time="2025-02-16T15:56:22.068077" level="INFO">{"status":"UP"}</msg>
<arg>${response.text}</arg>
<doc>Logs the given message with the given level.</doc>
<status status="PASS" start="2025-02-16T15:56:22.068077" elapsed="0.000000"/>
</kw>
<kw name="Set Variable" owner="BuiltIn">
<msg time="2025-02-16T15:56:22.069077" level="INFO">${json_response} = {'status': 'UP'}</msg>
<var>${json_response}</var>
<arg>${response.json()}</arg>
<doc>Returns the given values which can then be assigned to a variables.</doc>
<status status="PASS" start="2025-02-16T15:56:22.068077" elapsed="0.001000"/>
</kw>
<kw name="Dictionary Should Contain Key" owner="Collections">
<arg>${json_response}</arg>
<arg>status</arg>
<doc>Fails if ``key`` is not found from ``dictionary``.</doc>
<status status="PASS" start="2025-02-16T15:56:22.069077" elapsed="0.000000"/>
</kw>
<kw name="Should Be Equal As Strings" owner="BuiltIn">
<arg>${json_response['status']}</arg>
<arg>UP</arg>
<doc>Fails if objects are unequal after converting them to strings.</doc>
<status status="PASS" start="2025-02-16T15:56:22.069077" elapsed="0.000000"/>
</kw>
<status status="PASS" start="2025-02-16T15:56:21.570198" elapsed="0.498879"/>
</kw>
<status status="PASS" start="2025-02-16T15:56:18.392589" elapsed="3.676488"/>
</test>
<status status="PASS" start="2025-02-16T15:56:17.637948" elapsed="4.432126"/>
</suite>
<statistics>
<total>
<stat pass="1" fail="0" skip="0">All Tests</stat>
</total>
<tag>
</tag>
<suite>
<stat name="Grocery" id="s1" pass="1" fail="0" skip="0">Grocery</stat>
</suite>
</statistics>
<errors>
</errors>
</robot>
