<?xml version="1.0" encoding="UTF-8"?>
<robot generator="Robot 7.1 (Python 3.12.6 on win32)" generated="2025-02-16T15:10:11.813996" rpa="false" schemaversion="5">
<suite id="s1" name="Grocery" source="D:\groceryproduct_automation\testcases\grocery.robot">
<test id="s1-t1" name="End-to-End Grocery Store API Test" line="12">
<kw name="Generate Random Email And Get Token" owner="token">
<kw name="Generate Random String" owner="String">
<msg time="2025-02-16T15:10:12.578578" level="INFO">${RANDOM} = DthdWLPN</msg>
<var>${RANDOM}</var>
<arg>8</arg>
<arg>[LETTERS]</arg>
<doc>Generates a string with a desired ``length`` from the given ``chars``.</doc>
<status status="PASS" start="2025-02-16T15:10:12.577566" elapsed="0.001012"/>
</kw>
<kw name="Set Variable" owner="BuiltIn">
<msg time="2025-02-16T15:10:12.578578" level="INFO">${CLIENT_EMAIL} = DthdWLPN@yopmail.com</msg>
<var>${CLIENT_EMAIL}</var>
<arg>${RANDOM}@yopmail.com</arg>
<doc>Returns the given values which can then be assigned to a variables.</doc>
<status status="PASS" start="2025-02-16T15:10:12.578578" elapsed="0.000000"/>
</kw>
<kw name="Log" owner="BuiltIn">
<msg time="2025-02-16T15:10:12.578578" level="INFO">Generated Email: DthdWLPN@yopmail.com</msg>
<arg>Generated Email: ${CLIENT_EMAIL}</arg>
<doc>Logs the given message with the given level.</doc>
<status status="PASS" start="2025-02-16T15:10:12.578578" elapsed="0.000000"/>
</kw>
<kw name="Create Dictionary" owner="BuiltIn">
<msg time="2025-02-16T15:10:12.579570" level="INFO">${payload} = {'clientName': "Postman on Nitin's computer", 'clientEmail': 'DthdWLPN@yopmail.com'}</msg>
<var>${payload}</var>
<arg>clientName=${CLIENT_NAME}</arg>
<arg>clientEmail=${CLIENT_EMAIL}</arg>
<doc>Creates and returns a dictionary based on the given ``items``.</doc>
<status status="PASS" start="2025-02-16T15:10:12.578578" elapsed="0.000992"/>
</kw>
<kw name="POST" owner="RequestsLibrary">
<msg time="2025-02-16T15:10:13.123236" level="INFO">POST Request : url=https://simple-grocery-store-api.glitch.me/api-clients 
 path_url=/api-clients 
 headers={'User-Agent': 'python-requests/2.32.3', 'Accept-Encoding': 'gzip, deflate', 'Accept': '*/*', 'Connection': 'keep-alive', 'Content-Length': '84', 'Content-Type': 'application/json'} 
 body=b'{"clientName": "Postman on Nitin\'s computer", "clientEmail": "DthdWLPN@yopmail.com"}' 
 </msg>
<msg time="2025-02-16T15:10:13.123236" level="INFO">POST Response : url=https://simple-grocery-store-api.glitch.me/api-clients 
 status=201, reason=Created 
 headers={'Connection': 'keep-alive', 'Content-Length': '82', 'Content-Type': 'application/json; charset=utf-8', 'x-powered-by': 'Express', 'etag': 'W/"52-fLXoVAhxy0ibnOSrDQvwj92r+JM"', 'Accept-Ranges': 'bytes', 'Date': 'Sun, 16 Feb 2025 09:40:12 GMT', 'Via': '1.1 varnish', 'X-Served-By': 'cache-bom4737-BOM', 'X-Cache': 'MISS', 'X-Cache-Hits': '0', 'X-Timer': 'S1739698812.085767,VS0,VE403'} 
 body={"accessToken":"25cf8ad6fb81fcf92d4f230ada993cd1559f5a1d111443f302d25f3fe8a3386f"} 
 </msg>
<msg time="2025-02-16T15:10:13.124236" level="INFO">${response} = &lt;Response [201]&gt;</msg>
<var>${response}</var>
<arg>${BASE_URL}/api-clients</arg>
<arg>json=${payload}</arg>
<arg>expected_status=201</arg>
<doc>Sends a POST request.</doc>
<status status="PASS" start="2025-02-16T15:10:12.579570" elapsed="0.544666"/>
</kw>
<kw name="Set Variable" owner="BuiltIn">
<msg time="2025-02-16T15:10:13.124236" level="INFO">${ACCESS_TOKEN} = 25cf8ad6fb81fcf92d4f230ada993cd1559f5a1d111443f302d25f3fe8a3386f</msg>
<var>${ACCESS_TOKEN}</var>
<arg>${response.json().get("accessToken")}</arg>
<doc>Returns the given values which can then be assigned to a variables.</doc>
<status status="PASS" start="2025-02-16T15:10:13.124236" elapsed="0.000000"/>
</kw>
<kw name="Should Not Be Empty" owner="BuiltIn">
<msg time="2025-02-16T15:10:13.125234" level="INFO">Length is 64.</msg>
<arg>${ACCESS_TOKEN}</arg>
<arg>Access token retrieval failed!</arg>
<doc>Verifies that the given item is not empty.</doc>
<status status="PASS" start="2025-02-16T15:10:13.124236" elapsed="0.000998"/>
</kw>
<kw name="Set Global Variable" owner="BuiltIn">
<msg time="2025-02-16T15:10:13.125234" level="INFO">${ACCESS_TOKEN} = 25cf8ad6fb81fcf92d4f230ada993cd1559f5a1d111443f302d25f3fe8a3386f</msg>
<arg>${ACCESS_TOKEN}</arg>
<doc>Makes a variable available globally in all tests and suites.</doc>
<status status="PASS" start="2025-02-16T15:10:13.125234" elapsed="0.000000"/>
</kw>
<kw name="Log" owner="BuiltIn">
<msg time="2025-02-16T15:10:13.125234" level="INFO">Access Token: 25cf8ad6fb81fcf92d4f230ada993cd1559f5a1d111443f302d25f3fe8a3386f</msg>
<arg>Access Token: ${ACCESS_TOKEN}</arg>
<doc>Logs the given message with the given level.</doc>
<status status="PASS" start="2025-02-16T15:10:13.125234" elapsed="0.000000"/>
</kw>
<status status="PASS" start="2025-02-16T15:10:12.577566" elapsed="0.547668"/>
</kw>
<kw name="Create New Cart" owner="keywords">
<kw name="POST" owner="RequestsLibrary">
<msg time="2025-02-16T15:10:13.798242" level="INFO">POST Request : url=https://simple-grocery-store-api.glitch.me/carts 
 path_url=/carts 
 headers={'User-Agent': 'python-requests/2.32.3', 'Accept-Encoding': 'gzip, deflate', 'Accept': '*/*', 'Connection': 'keep-alive', 'Content-Length': '0'} 
 body=None 
 </msg>
<msg time="2025-02-16T15:10:13.799226" level="INFO">POST Response : url=https://simple-grocery-store-api.glitch.me/carts 
 status=201, reason=Created 
 headers={'Connection': 'keep-alive', 'Content-Length': '49', 'Content-Type': 'application/json; charset=utf-8', 'x-powered-by': 'Express', 'etag': 'W/"31-5XBYLFTf1IrTMPi6xmUyY4ZWwMo"', 'Accept-Ranges': 'bytes', 'Date': 'Sun, 16 Feb 2025 09:40:13 GMT', 'Via': '1.1 varnish', 'X-Served-By': 'cache-bom4739-BOM', 'X-Cache': 'MISS', 'X-Cache-Hits': '0', 'X-Timer': 'S1739698813.558854,VS0,VE599'} 
 body={"created":true,"cartId":"Lbf39rQkKlsbfbxgCrDzq"} 
 </msg>
<msg time="2025-02-16T15:10:13.799226" level="INFO">${response} = &lt;Response [201]&gt;</msg>
<var>${response}</var>
<arg>${BASE_URL}/carts</arg>
<arg>expected_status=201</arg>
<doc>Sends a POST request.</doc>
<status status="PASS" start="2025-02-16T15:10:13.125234" elapsed="0.673992"/>
</kw>
<kw name="Set Variable" owner="BuiltIn">
<msg time="2025-02-16T15:10:13.799226" level="INFO">${CART_ID} = Lbf39rQkKlsbfbxgCrDzq</msg>
<var>${CART_ID}</var>
<arg>${response.json().get("cartId")}</arg>
<doc>Returns the given values which can then be assigned to a variables.</doc>
<status status="PASS" start="2025-02-16T15:10:13.799226" elapsed="0.000000"/>
</kw>
<kw name="Should Not Be Empty" owner="BuiltIn">
<msg time="2025-02-16T15:10:13.799226" level="INFO">Length is 21.</msg>
<arg>${CART_ID}</arg>
<arg>Cart creation failed!</arg>
<doc>Verifies that the given item is not empty.</doc>
<status status="PASS" start="2025-02-16T15:10:13.799226" elapsed="0.000000"/>
</kw>
<kw name="Set Global Variable" owner="BuiltIn">
<msg time="2025-02-16T15:10:13.800225" level="INFO">${CART_ID} = Lbf39rQkKlsbfbxgCrDzq</msg>
<arg>${CART_ID}</arg>
<doc>Makes a variable available globally in all tests and suites.</doc>
<status status="PASS" start="2025-02-16T15:10:13.800225" elapsed="0.000000"/>
</kw>
<kw name="Log" owner="BuiltIn">
<msg time="2025-02-16T15:10:13.800225" level="INFO">Cart ID: Lbf39rQkKlsbfbxgCrDzq</msg>
<arg>Cart ID: ${CART_ID}</arg>
<doc>Logs the given message with the given level.</doc>
<status status="PASS" start="2025-02-16T15:10:13.800225" elapsed="0.000000"/>
</kw>
<status status="PASS" start="2025-02-16T15:10:13.125234" elapsed="0.674991"/>
</kw>
<kw name="Add Items To Cart" owner="keywords">
<kw name="Create Dictionary" owner="BuiltIn">
<msg time="2025-02-16T15:10:13.800225" level="INFO">${payload} = {'productId': '4643', 'quantity': '10'}</msg>
<var>${payload}</var>
<arg>productId=${PRODUCT_ID}</arg>
<arg>quantity=${QUANTITY}</arg>
<doc>Creates and returns a dictionary based on the given ``items``.</doc>
<status status="PASS" start="2025-02-16T15:10:13.800225" elapsed="0.000000"/>
</kw>
<kw name="POST" owner="RequestsLibrary">
<msg time="2025-02-16T15:10:14.414538" level="INFO">POST Request : url=https://simple-grocery-store-api.glitch.me/carts/Lbf39rQkKlsbfbxgCrDzq/items 
 path_url=/carts/Lbf39rQkKlsbfbxgCrDzq/items 
 headers={'User-Agent': 'python-requests/2.32.3', 'Accept-Encoding': 'gzip, deflate', 'Accept': '*/*', 'Connection': 'keep-alive', 'Content-Length': '39', 'Content-Type': 'application/json'} 
 body=b'{"productId": "4643", "quantity": "10"}' 
 </msg>
<msg time="2025-02-16T15:10:14.414538" level="INFO">POST Response : url=https://simple-grocery-store-api.glitch.me/carts/Lbf39rQkKlsbfbxgCrDzq/items 
 status=201, reason=Created 
 headers={'Connection': 'keep-alive', 'Content-Length': '35', 'Content-Type': 'application/json; charset=utf-8', 'x-powered-by': 'Express', 'etag': 'W/"23-zbazrQqvfh9IewM2JHeNw7+bXF8"', 'Accept-Ranges': 'bytes', 'Date': 'Sun, 16 Feb 2025 09:40:13 GMT', 'Via': '1.1 varnish', 'X-Served-By': 'cache-bom4724-BOM', 'X-Cache': 'MISS', 'X-Cache-Hits': '0', 'X-Timer': 'S1739698813.264354,VS0,VE496'} 
 body={"created":true,"itemId":892145995} 
 </msg>
<msg time="2025-02-16T15:10:14.414538" level="INFO">${response} = &lt;Response [201]&gt;</msg>
<var>${response}</var>
<arg>${BASE_URL}/carts/${CART_ID}/items</arg>
<arg>json=${payload}</arg>
<arg>expected_status=201</arg>
<doc>Sends a POST request.</doc>
<status status="PASS" start="2025-02-16T15:10:13.800225" elapsed="0.614313"/>
</kw>
<kw name="Set Variable" owner="BuiltIn">
<msg time="2025-02-16T15:10:14.415536" level="INFO">${ITEM_ID} = 892145995</msg>
<var>${ITEM_ID}</var>
<arg>${response.json().get("itemId")}</arg>
<doc>Returns the given values which can then be assigned to a variables.</doc>
<status status="PASS" start="2025-02-16T15:10:14.414538" elapsed="0.000998"/>
</kw>
<kw name="Set Global Variable" owner="BuiltIn">
<msg time="2025-02-16T15:10:14.415536" level="INFO">${ITEM_ID} = 892145995</msg>
<arg>${ITEM_ID}</arg>
<doc>Makes a variable available globally in all tests and suites.</doc>
<status status="PASS" start="2025-02-16T15:10:14.415536" elapsed="0.000000"/>
</kw>
<kw name="Log" owner="BuiltIn">
<msg time="2025-02-16T15:10:14.416535" level="INFO">Item ID: 892145995</msg>
<arg>Item ID: ${ITEM_ID}</arg>
<doc>Logs the given message with the given level.</doc>
<status status="PASS" start="2025-02-16T15:10:14.415536" elapsed="0.000999"/>
</kw>
<status status="PASS" start="2025-02-16T15:10:13.800225" elapsed="0.616310"/>
</kw>
<kw name="Create New Order" owner="keywords">
<kw name="Create Dictionary" owner="BuiltIn">
<msg time="2025-02-16T15:10:14.417532" level="INFO">${payload} = {'cartId': 'Lbf39rQkKlsbfbxgCrDzq', 'customerName': 'Test', 'comment': 'Sample payload to create new order'}</msg>
<var>${payload}</var>
<arg>cartId=${CART_ID}</arg>
<arg>customerName=${CUSTOMER_NAME}</arg>
<arg>comment=${COMMENT}</arg>
<doc>Creates and returns a dictionary based on the given ``items``.</doc>
<status status="PASS" start="2025-02-16T15:10:14.416535" elapsed="0.000997"/>
</kw>
<kw name="Create Dictionary" owner="BuiltIn">
<msg time="2025-02-16T15:10:14.417532" level="INFO">${headers} = {'Authorization': 'Bearer 25cf8ad6fb81fcf92d4f230ada993cd1559f5a1d111443f302d25f3fe8a3386f'}</msg>
<var>${headers}</var>
<arg>Authorization=Bearer ${ACCESS_TOKEN}</arg>
<doc>Creates and returns a dictionary based on the given ``items``.</doc>
<status status="PASS" start="2025-02-16T15:10:14.417532" elapsed="0.000000"/>
</kw>
<kw name="POST" owner="RequestsLibrary">
<msg time="2025-02-16T15:10:15.205739" level="INFO">POST Request : url=https://simple-grocery-store-api.glitch.me/orders 
 path_url=/orders 
 headers={'User-Agent': 'python-requests/2.32.3', 'Accept-Encoding': 'gzip, deflate', 'Accept': '*/*', 'Connection': 'keep-alive', 'Authorization': 'Bearer 25cf8ad6fb81fcf92d4f230ada993cd1559f5a1d111443f302d25f3fe8a3386f', 'Content-Length': '108', 'Content-Type': 'application/json'} 
 body=b'{"cartId": "Lbf39rQkKlsbfbxgCrDzq", "customerName": "Test", "comment": "Sample payload to create new order"}' 
 </msg>
<msg time="2025-02-16T15:10:15.206733" level="INFO">POST Response : url=https://simple-grocery-store-api.glitch.me/orders 
 status=201, reason=Created 
 headers={'Connection': 'keep-alive', 'Content-Length': '50', 'Content-Type': 'application/json; charset=utf-8', 'x-powered-by': 'Express', 'etag': 'W/"32-hF8t1mg2cRYcq6pR/iJg4ylMSj4"', 'Accept-Ranges': 'bytes', 'Date': 'Sun, 16 Feb 2025 09:40:14 GMT', 'Via': '1.1 varnish', 'X-Served-By': 'cache-bom4746-BOM', 'X-Cache': 'MISS', 'X-Cache-Hits': '0', 'X-Timer': 'S1739698814.864109,VS0,VE698'} 
 body={"created":true,"orderId":"RwKc3P3wltdxMxEdatkoa"} 
 </msg>
<msg time="2025-02-16T15:10:15.206733" level="INFO">${response} = &lt;Response [201]&gt;</msg>
<var>${response}</var>
<arg>${BASE_URL}/orders</arg>
<arg>json=${payload}</arg>
<arg>headers=${headers}</arg>
<arg>expected_status=201</arg>
<doc>Sends a POST request.</doc>
<status status="PASS" start="2025-02-16T15:10:14.417532" elapsed="0.789201"/>
</kw>
<kw name="Set Variable" owner="BuiltIn">
<msg time="2025-02-16T15:10:15.206733" level="INFO">${ORDER_ID} = RwKc3P3wltdxMxEdatkoa</msg>
<var>${ORDER_ID}</var>
<arg>${response.json().get("orderId")}</arg>
<doc>Returns the given values which can then be assigned to a variables.</doc>
<status status="PASS" start="2025-02-16T15:10:15.206733" elapsed="0.000000"/>
</kw>
<kw name="Should Not Be Empty" owner="BuiltIn">
<msg time="2025-02-16T15:10:15.206733" level="INFO">Length is 21.</msg>
<arg>${ORDER_ID}</arg>
<arg>Order creation failed!</arg>
<doc>Verifies that the given item is not empty.</doc>
<status status="PASS" start="2025-02-16T15:10:15.206733" elapsed="0.000000"/>
</kw>
<kw name="Set Global Variable" owner="BuiltIn">
<msg time="2025-02-16T15:10:15.206733" level="INFO">${ORDER_ID} = RwKc3P3wltdxMxEdatkoa</msg>
<arg>${ORDER_ID}</arg>
<doc>Makes a variable available globally in all tests and suites.</doc>
<status status="PASS" start="2025-02-16T15:10:15.206733" elapsed="0.000000"/>
</kw>
<kw name="Log" owner="BuiltIn">
<msg time="2025-02-16T15:10:15.207753" level="INFO">Order ID: RwKc3P3wltdxMxEdatkoa</msg>
<arg>Order ID: ${ORDER_ID}</arg>
<doc>Logs the given message with the given level.</doc>
<status status="PASS" start="2025-02-16T15:10:15.207753" elapsed="0.000000"/>
</kw>
<status status="PASS" start="2025-02-16T15:10:14.416535" elapsed="0.791218"/>
</kw>
<kw name="Get All Orders" owner="keywords">
<kw name="Create Dictionary" owner="BuiltIn">
<msg time="2025-02-16T15:10:15.207753" level="INFO">${headers} = {'Authorization': 'Bearer 25cf8ad6fb81fcf92d4f230ada993cd1559f5a1d111443f302d25f3fe8a3386f'}</msg>
<var>${headers}</var>
<arg>Authorization=Bearer ${ACCESS_TOKEN}</arg>
<doc>Creates and returns a dictionary based on the given ``items``.</doc>
<status status="PASS" start="2025-02-16T15:10:15.207753" elapsed="0.000000"/>
</kw>
<kw name="GET" owner="RequestsLibrary">
<msg time="2025-02-16T15:10:15.567337" level="INFO">GET Request : url=https://simple-grocery-store-api.glitch.me/orders 
 path_url=/orders 
 headers={'User-Agent': 'python-requests/2.32.3', 'Accept-Encoding': 'gzip, deflate', 'Accept': '*/*', 'Connection': 'keep-alive', 'Authorization': 'Bearer 25cf8ad6fb81fcf92d4f230ada993cd1559f5a1d111443f302d25f3fe8a3386f'} 
 body=None 
 </msg>
<msg time="2025-02-16T15:10:15.567337" level="INFO">GET Response : url=https://simple-grocery-store-api.glitch.me/orders 
 status=200, reason=OK 
 headers={'Connection': 'keep-alive', 'Content-Length': '196', 'Content-Type': 'application/json; charset=utf-8', 'x-powered-by': 'Express', 'etag': 'W/"c4-XhKT84Txb+I5fZJgBZThOC4Dnu4"', 'Accept-Ranges': 'bytes', 'Date': 'Sun, 16 Feb 2025 09:40:14 GMT', 'Via': '1.1 varnish', 'X-Served-By': 'cache-bom4751-BOM', 'X-Cache': 'MISS', 'X-Cache-Hits': '0', 'X-Timer': 'S1739698815.716287,VS0,VE211'} 
 body=[{"id":"RwKc3P3wltdxMxEdatkoa","items":[{"id":892145995,"productId":4643,"quantity":10}],"customerName":"Test","created":"2025-02-16T09:40:13.996Z","comment":"Sample payload to create new order"}] 
 </msg>
<msg time="2025-02-16T15:10:15.567337" level="INFO">${response} = &lt;Response [200]&gt;</msg>
<var>${response}</var>
<arg>${BASE_URL}/orders</arg>
<arg>headers=${headers}</arg>
<arg>expected_status=200</arg>
<doc>Sends a GET request.</doc>
<status status="PASS" start="2025-02-16T15:10:15.207753" elapsed="0.359584"/>
</kw>
<kw name="Set Variable" owner="BuiltIn">
<msg time="2025-02-16T15:10:15.568342" level="INFO">${ORDERS} = [{'id': 'RwKc3P3wltdxMxEdatkoa', 'items': [{'id': 892145995, 'productId': 4643, 'quantity': 10}], 'customerName': 'Test', 'created': '2025-02-16T09:40:13.996Z', 'comment': 'Sample payload to create ne...</msg>
<var>${ORDERS}</var>
<arg>${response.json()}</arg>
<doc>Returns the given values which can then be assigned to a variables.</doc>
<status status="PASS" start="2025-02-16T15:10:15.567337" elapsed="0.001005"/>
</kw>
<kw name="Should Not Be Empty" owner="BuiltIn">
<msg time="2025-02-16T15:10:15.568342" level="INFO">Length is 1.</msg>
<arg>${ORDERS}</arg>
<arg>No orders found!</arg>
<doc>Verifies that the given item is not empty.</doc>
<status status="PASS" start="2025-02-16T15:10:15.568342" elapsed="0.000000"/>
</kw>
<kw name="Log" owner="BuiltIn">
<msg time="2025-02-16T15:10:15.568342" level="INFO">Orders: [{'id': 'RwKc3P3wltdxMxEdatkoa', 'items': [{'id': 892145995, 'productId': 4643, 'quantity': 10}], 'customerName': 'Test', 'created': '2025-02-16T09:40:13.996Z', 'comment': 'Sample payload to create new order'}]</msg>
<arg>Orders: ${ORDERS}</arg>
<doc>Logs the given message with the given level.</doc>
<status status="PASS" start="2025-02-16T15:10:15.568342" elapsed="0.000000"/>
</kw>
<status status="PASS" start="2025-02-16T15:10:15.207753" elapsed="0.360589"/>
</kw>
<kw name="Delete Order" owner="keywords">
<kw name="Create Dictionary" owner="BuiltIn">
<msg time="2025-02-16T15:10:15.568342" level="INFO">${headers} = {'Authorization': 'Bearer 25cf8ad6fb81fcf92d4f230ada993cd1559f5a1d111443f302d25f3fe8a3386f'}</msg>
<var>${headers}</var>
<arg>Authorization=Bearer ${ACCESS_TOKEN}</arg>
<doc>Creates and returns a dictionary based on the given ``items``.</doc>
<status status="PASS" start="2025-02-16T15:10:15.568342" elapsed="0.000000"/>
</kw>
<kw name="DELETE" owner="RequestsLibrary">
<msg time="2025-02-16T15:10:16.202274" level="INFO">DELETE Request : url=https://simple-grocery-store-api.glitch.me/orders/RwKc3P3wltdxMxEdatkoa 
 path_url=/orders/RwKc3P3wltdxMxEdatkoa 
 headers={'User-Agent': 'python-requests/2.32.3', 'Accept-Encoding': 'gzip, deflate', 'Accept': '*/*', 'Connection': 'keep-alive', 'Authorization': 'Bearer 25cf8ad6fb81fcf92d4f230ada993cd1559f5a1d111443f302d25f3fe8a3386f', 'Content-Length': '0'} 
 body=None 
 </msg>
<msg time="2025-02-16T15:10:16.202274" level="INFO">DELETE Response : url=https://simple-grocery-store-api.glitch.me/orders/RwKc3P3wltdxMxEdatkoa 
 status=204, reason=No Content 
 headers={'Connection': 'keep-alive', 'x-powered-by': 'Express', 'Accept-Ranges': 'bytes', 'Date': 'Sun, 16 Feb 2025 09:40:15 GMT', 'Via': '1.1 varnish', 'X-Served-By': 'cache-bom4750-BOM', 'X-Cache': 'MISS', 'X-Cache-Hits': '0', 'X-Timer': 'S1739698815.056393,VS0,VE526'} 
 body=None 
 </msg>
<msg time="2025-02-16T15:10:16.202274" level="INFO">${response} = &lt;Response [204]&gt;</msg>
<var>${response}</var>
<arg>${BASE_URL}/orders/${ORDER_ID}</arg>
<arg>headers=${headers}</arg>
<arg>expected_status=204</arg>
<doc>Sends a DELETE request.</doc>
<status status="PASS" start="2025-02-16T15:10:15.568342" elapsed="0.633932"/>
</kw>
<kw name="Log" owner="BuiltIn">
<msg time="2025-02-16T15:10:16.203277" level="INFO">Order Deleted Successfully</msg>
<arg>Order Deleted Successfully</arg>
<doc>Logs the given message with the given level.</doc>
<status status="PASS" start="2025-02-16T15:10:16.202274" elapsed="0.001003"/>
</kw>
<status status="PASS" start="2025-02-16T15:10:15.568342" elapsed="0.634935"/>
</kw>
<status status="PASS" start="2025-02-16T15:10:12.576587" elapsed="3.626690"/>
</test>
<status status="PASS" start="2025-02-16T15:10:11.816252" elapsed="4.387025"/>
</suite>
<statistics>
<total>
<stat pass="1" fail="0" skip="0">All Tests</stat>
</total>
<tag>
</tag>
<suite>
<stat pass="1" fail="0" skip="0" id="s1" name="Grocery">Grocery</stat>
</suite>
</statistics>
<errors>
<msg time="2025-02-16T15:10:12.576587" level="ERROR">Error in file 'D:\groceryproduct_automation\resources\keywords.robot' on line 8: Resource file '..\resources\variables.robotD:groceryproduct_automation	estcasesgrocery.robot' does not exist.</msg>
</errors>
</robot>
